# Time (Days) 	 Lbol (erg/s) 	 Mbol 	  U	B	V	Cousins_R	Cousins_I 
#  All magnitudes are given in the AB Magnitude System
5.000000e-01 1.000000e-10 0.000000e+00 0.000000e+00 0.000000e+00 0.000000e+00 0.000000e+00 0.000000e+00
1.500000e+00 1.182056e+39 -8.984170e+00 -6.424969e+00 -7.352105e+00 -8.218227e+00 -8.891230e+00 -9.097092e+00
2.500000e+00 8.174222e+40 -1.358369e+01 -1.253149e+01 -1.306518e+01 -1.351253e+01 -1.371277e+01 -1.367123e+01
3.500000e+00 3.555415e+41 -1.517980e+01 -1.465108e+01 -1.482314e+01 -1.514818e+01 -1.515995e+01 -1.500543e+01
4.500000e+00 9.302650e+41 -1.622409e+01 -1.591696e+01 -1.587116e+01 -1.611543e+01 -1.608071e+01 -1.593827e+01
5.500000e+00 1.819790e+42 -1.695263e+01 -1.668317e+01 -1.658561e+01 -1.672140e+01 -1.672187e+01 -1.670496e+01
6.500000e+00 2.909040e+42 -1.746195e+01 -1.718363e+01 -1.711180e+01 -1.718276e+01 -1.716222e+01 -1.709630e+01
7.500000e+00 4.309847e+42 -1.788873e+01 -1.763334e+01 -1.758856e+01 -1.760956e+01 -1.753701e+01 -1.738525e+01
8.500000e+00 5.475032e+42 -1.814854e+01 -1.791922e+01 -1.788739e+01 -1.788459e+01 -1.778651e+01 -1.759067e+01
9.500000e+00 6.741865e+42 -1.837453e+01 -1.817529e+01 -1.814588e+01 -1.812926e+01 -1.799451e+01 -1.776449e+01
1.050000e+01 8.081286e+42 -1.857128e+01 -1.839994e+01 -1.837596e+01 -1.833864e+01 -1.817553e+01 -1.793787e+01
1.150000e+01 9.287452e+42 -1.872232e+01 -1.857490e+01 -1.856196e+01 -1.850896e+01 -1.832242e+01 -1.808341e+01
1.250000e+01 1.030605e+43 -1.883531e+01 -1.870905e+01 -1.870440e+01 -1.864941e+01 -1.844343e+01 -1.819999e+01
1.350000e+01 1.114677e+43 -1.892045e+01 -1.881124e+01 -1.882504e+01 -1.875800e+01 -1.853979e+01 -1.829492e+01
1.450000e+01 1.182127e+43 -1.898423e+01 -1.888822e+01 -1.892280e+01 -1.885502e+01 -1.862352e+01 -1.836575e+01
1.550000e+01 1.232971e+43 -1.902996e+01 -1.894490e+01 -1.900163e+01 -1.893647e+01 -1.869277e+01 -1.842137e+01
1.650000e+01 1.268941e+43 -1.906118e+01 -1.898458e+01 -1.906311e+01 -1.900625e+01 -1.875341e+01 -1.845907e+01
1.750000e+01 1.290605e+43 -1.907956e+01 -1.900484e+01 -1.911127e+01 -1.906444e+01 -1.880149e+01 -1.849108e+01
1.850000e+01 1.299846e+43 -1.908731e+01 -1.900862e+01 -1.914528e+01 -1.911635e+01 -1.884525e+01 -1.851074e+01
1.950000e+01 1.298251e+43 -1.908597e+01 -1.899411e+01 -1.917168e+01 -1.916159e+01 -1.887790e+01 -1.852483e+01
2.050000e+01 1.283666e+43 -1.907371e+01 -1.895692e+01 -1.918588e+01 -1.919631e+01 -1.890462e+01 -1.853920e+01
2.150000e+01 1.259935e+43 -1.905345e+01 -1.890355e+01 -1.918916e+01 -1.922848e+01 -1.892689e+01 -1.854595e+01
2.250000e+01 1.230075e+43 -1.902740e+01 -1.883990e+01 -1.918324e+01 -1.925038e+01 -1.894188e+01 -1.854955e+01
2.350000e+01 1.192784e+43 -1.899398e+01 -1.876300e+01 -1.916344e+01 -1.926230e+01 -1.894831e+01 -1.855601e+01
2.450000e+01 1.151910e+43 -1.895612e+01 -1.868119e+01 -1.913170e+01 -1.926814e+01 -1.895287e+01 -1.855872e+01
2.550000e+01 1.105183e+43 -1.891116e+01 -1.858995e+01 -1.908580e+01 -1.926108e+01 -1.894665e+01 -1.856034e+01
2.650000e+01 1.056481e+43 -1.886223e+01 -1.849293e+01 -1.902586e+01 -1.924873e+01 -1.893759e+01 -1.856191e+01
2.750000e+01 1.005784e+43 -1.880884e+01 -1.838290e+01 -1.895618e+01 -1.922356e+01 -1.892547e+01 -1.856521e+01
2.850000e+01 9.545239e+42 -1.875204e+01 -1.826848e+01 -1.887404e+01 -1.919426e+01 -1.890462e+01 -1.856575e+01
2.950000e+01 9.046254e+42 -1.869375e+01 -1.814370e+01 -1.878329e+01 -1.915898e+01 -1.888350e+01 -1.856631e+01
3.050000e+01 8.569028e+42 -1.863490e+01 -1.801375e+01 -1.868852e+01 -1.911929e+01 -1.885683e+01 -1.855977e+01
3.150000e+01 8.123912e+42 -1.857699e+01 -1.787902e+01 -1.858721e+01 -1.907216e+01 -1.883021e+01 -1.856553e+01
3.250000e+01 7.690656e+42 -1.851748e+01 -1.773892e+01 -1.847998e+01 -1.902099e+01 -1.879910e+01 -1.855777e+01
3.350000e+01 7.314721e+42 -1.846307e+01 -1.759746e+01 -1.837376e+01 -1.896680e+01 -1.876758e+01 -1.855857e+01
3.450000e+01 6.973131e+42 -1.841114e+01 -1.744783e+01 -1.826383e+01 -1.890937e+01 -1.873728e+01 -1.856737e+01
3.550000e+01 6.680135e+42 -1.836454e+01 -1.729588e+01 -1.815462e+01 -1.885301e+01 -1.871145e+01 -1.857973e+01
3.650000e+01 6.424150e+42 -1.832211e+01 -1.714154e+01 -1.804692e+01 -1.879573e+01 -1.868620e+01 -1.859135e+01
3.750000e+01 6.207782e+42 -1.828492e+01 -1.699237e+01 -1.794541e+01 -1.874000e+01 -1.866310e+01 -1.860640e+01
3.850000e+01 6.008717e+42 -1.824953e+01 -1.684634e+01 -1.784322e+01 -1.868354e+01 -1.864136e+01 -1.862022e+01
3.950000e+01 5.831154e+42 -1.821696e+01 -1.670102e+01 -1.774400e+01 -1.862726e+01 -1.862308e+01 -1.862836e+01
4.050000e+01 5.662596e+42 -1.818511e+01 -1.656052e+01 -1.764867e+01 -1.857055e+01 -1.860200e+01 -1.863116e+01
4.150000e+01 5.509872e+42 -1.815543e+01 -1.642594e+01 -1.755969e+01 -1.851217e+01 -1.858121e+01 -1.863485e+01
4.250000e+01 5.359851e+42 -1.812546e+01 -1.630046e+01 -1.747631e+01 -1.845633e+01 -1.855859e+01 -1.863098e+01
4.350000e+01 5.218776e+42 -1.809650e+01 -1.616914e+01 -1.739705e+01 -1.840647e+01 -1.853454e+01 -1.862676e+01
4.450000e+01 5.070141e+42 -1.806513e+01 -1.604554e+01 -1.732149e+01 -1.835276e+01 -1.850794e+01 -1.861782e+01
4.550000e+01 4.931524e+42 -1.803503e+01 -1.593248e+01 -1.725792e+01 -1.830511e+01 -1.847722e+01 -1.859764e+01
4.650000e+01 4.779086e+42 -1.800094e+01 -1.581952e+01 -1.719597e+01 -1.825481e+01 -1.844264e+01 -1.857341e+01
4.750000e+01 4.632442e+42 -1.796710e+01 -1.571195e+01 -1.714026e+01 -1.820823e+01 -1.840867e+01 -1.854837e+01
4.850000e+01 4.482518e+42 -1.793138e+01 -1.559958e+01 -1.709089e+01 -1.816248e+01 -1.837272e+01 -1.851490e+01
4.950000e+01 4.337055e+42 -1.789556e+01 -1.550714e+01 -1.704686e+01 -1.812033e+01 -1.833473e+01 -1.847927e+01
5.050000e+01 4.189728e+42 -1.785804e+01 -1.541209e+01 -1.700565e+01 -1.807793e+01 -1.829396e+01 -1.844317e+01
5.150000e+01 4.040661e+42 -1.781871e+01 -1.531809e+01 -1.696849e+01 -1.803676e+01 -1.824970e+01 -1.840280e+01
5.250000e+01 3.897073e+42 -1.777942e+01 -1.522968e+01 -1.693916e+01 -1.799958e+01 -1.820642e+01 -1.836057e+01
5.350000e+01 3.751715e+42 -1.773815e+01 -1.514342e+01 -1.690775e+01 -1.795916e+01 -1.816136e+01 -1.831896e+01
5.450000e+01 3.614138e+42 -1.769759e+01 -1.504509e+01 -1.688238e+01 -1.792387e+01 -1.811844e+01 -1.828136e+01
5.550000e+01 3.476358e+42 -1.765539e+01 -1.495668e+01 -1.685743e+01 -1.788636e+01 -1.807375e+01 -1.824012e+01
5.650000e+01 3.341362e+42 -1.761238e+01 -1.486019e+01 -1.683066e+01 -1.785162e+01 -1.802824e+01 -1.820287e+01
5.750000e+01 3.218233e+42 -1.757162e+01 -1.477173e+01 -1.680825e+01 -1.782094e+01 -1.798533e+01 -1.816547e+01
5.850000e+01 3.097271e+42 -1.753002e+01 -1.467519e+01 -1.678245e+01 -1.779054e+01 -1.794314e+01 -1.813264e+01
5.950000e+01 2.981248e+42 -1.748857e+01 -1.457452e+01 -1.675638e+01 -1.775705e+01 -1.790357e+01 -1.809786e+01
6.050000e+01 2.878086e+42 -1.745033e+01 -1.447476e+01 -1.673092e+01 -1.773036e+01 -1.786547e+01 -1.807008e+01
6.150000e+01 2.782698e+42 -1.741374e+01 -1.438555e+01 -1.670961e+01 -1.770415e+01 -1.783061e+01 -1.803881e+01
6.250000e+01 2.692569e+42 -1.737799e+01 -1.428455e+01 -1.668180e+01 -1.767744e+01 -1.779793e+01 -1.800693e+01
6.350000e+01 2.606966e+42 -1.734291e+01 -1.417073e+01 -1.665719e+01 -1.765232e+01 -1.776506e+01 -1.797780e+01
6.450000e+01 9.801710e+41 -1.628083e+01 -1.332756e+01 -1.568849e+01 -1.659802e+01 -1.661220e+01 -1.688337e+01
6.550000e+01 2.667482e+39 -9.867829e+00 -7.140372e+00 -7.416359e+00 -8.489124e+00 -8.279882e+00 -8.317390e+00
6.650000e+01 2.222719e+38 -7.169786e+00 -3.503480e+00 -3.901817e+00 -5.174737e+00 -6.215404e+00 -6.135497e+00
6.750000e+01 5.152851e+37 -5.582694e+00 0.000000e+00 -3.734240e+00 -3.824363e+00 -4.963066e+00 -5.336156e+00
6.850000e+01 1.114870e+37 -3.920635e+00 0.000000e+00 -1.921511e+00 -3.320346e+00 -1.990111e+00 -3.887283e+00
6.950000e+01 9.161214e+35 -1.207458e+00 0.000000e+00 0.000000e+00 0.000000e+00 0.000000e+00 0.000000e+00
