1D_sphere SNR
100 0.000000 86400.000000 10
28.58 28.56 26.54 20.40 16.32 14.28 12.24 10.20 8.16 6.12
40000000.0 1.0375227261870377e-08 471134.5621208696 0.2 0.34 0.3 0.0 0.0 0.05 0.0 0.0 0.1 0.01
80000000.0 9.023138328504465e-09 454972.3081847279 0.2 0.34 0.3 0.0 0.0 0.05 0.0 0.0 0.1 0.01
120000000.0 7.714878415854016e-09 437499.7728683033 0.2 0.34 0.3 0.0 0.0 0.05 0.0 0.0 0.1 0.01
160000000.0 6.571352885396388e-09 420299.8720395411 0.2 0.34 0.3 0.0 0.0 0.05 0.0 0.0 0.1 0.01
200000000.0 5.589866541894171e-09 403641.6010790065 0.2 0.34 0.3 0.0 0.0 0.05 0.0 0.0 0.1 0.01
240000000.0 4.752041399822794e-09 387583.7981116341 0.2 0.34 0.3 0.0 0.0 0.05 0.0 0.0 0.1 0.01
280000000.0 4.038439784243333e-09 372133.6676675273 0.2 0.34 0.3 0.0 0.0 0.05 0.0 0.0 0.1 0.01
320000000.0 3.431305727226385e-09 357281.4054688263 0.2 0.34 0.3 0.0 0.0 0.05 0.0 0.0 0.1 0.01
360000000.0 2.915066068635852e-09 343010.69458534644 0.2 0.34 0.3 0.0 0.0 0.05 0.0 0.0 0.1 0.01
400000000.0 2.476272616956235e-09 329302.610974565 0.2 0.34 0.3 0.0 0.0 0.05 0.0 0.0 0.1 0.01
440000000.0 2.1033941876758028e-09 316137.2911911961 0.199 0.342 0.299 0.0 0.0 0.05 0.0 0.0 0.1 0.01
480000000.0 1.786579280382375e-09 303494.7156027674 0.176 0.396 0.263 0.0 0.0 0.05 0.0 0.0 0.094 0.021
520000000.0 1.517428580623999e-09 291355.10048792977 0.073 0.632 0.11 0.0 0.0 0.05 0.0 0.0 0.068 0.067
560000000.0 1.2887896640878846e-09 279699.1016425721 0.006 0.787 0.009 0.0 0.0 0.05 0.0 0.0 0.051 0.097
600000000.0 1.0945766139673705e-09 268507.9208068848 0.0 0.8 0.0 0.0 0.0 0.05 0.0 0.0 0.05 0.1
640000000.0 9.296136464386696e-10 257763.35924765244 0.0 0.8 0.0 0.0 0.0 0.05 0.0 0.0 0.05 0.1
680000000.0 7.89500549917306e-10 247447.84137783002 0.0 0.8 0.0 0.0 0.0 0.05 0.0 0.0 0.05 0.1
720000000.0 6.704973987088858e-10 237544.42084071343 0.0 0.8 0.0 0.0 0.0 0.05 0.0 0.0 0.05 0.1
760000000.0 5.694260463294402e-10 228036.77610404184 0.0 0.8 0.0 0.0 0.0 0.05 0.0 0.0 0.05 0.1
800000000.0 4.835861027134084e-10 218909.19970625747 0.0 0.8 0.0 0.0 0.0 0.05 0.0 0.0 0.05 0.1
840000000.0 4.1068334908612006e-10 210146.58366668277 0.0 0.8 0.0 0.0 0.0 0.05 0.0 0.0 0.05 0.1
880000000.0 3.4876879830580223e-10 201734.4026228775 0.0 0.793 0.0 0.001 0.002 0.054 0.0 0.0 0.05 0.1
920000000.0 2.961868470153944e-10 193658.69568939428 0.0 0.728 0.0 0.009 0.018 0.09 0.004 0.0 0.054 0.096
960000000.0 2.515311812792135e-10 185906.0476813371 0.0 0.535 0.0 0.033 0.066 0.199 0.017 0.0 0.067 0.083
1000000000.0 2.13607287599102e-10 178463.5701245456 0.0 0.29 0.0 0.064 0.127 0.337 0.032 0.0 0.082 0.068
1040000000.0 1.8140058708871432e-10 171318.88233131816 0.0 0.119 0.0 0.085 0.17 0.433 0.043 0.0 0.093 0.057
1080000000.0 1.5404935408395796e-10 164460.092726571 0.0 0.038 0.0 0.095 0.19 0.479 0.048 0.0 0.098 0.052
1120000000.0 1.3082170395283033e-10 157875.78054655928 0.0 0.01 0.0 0.099 0.198 0.495 0.049 0.0 0.099 0.051
1160000000.0 1.1109604075385858e-10 151554.97798964466 0.0 0.002 0.0 0.1 0.199 0.499 0.05 0.0 0.1 0.05
1200000000.0 9.43444459661525e-11 145487.15286938517 0.0 0.0 0.0 0.1 0.2 0.5 0.05 0.0 0.1 0.05
1240000000.0 8.011856685489645e-11 139662.19179991737 0.0 0.0 0.0 0.1 0.2 0.5 0.05 0.0 0.1 0.05
1280000000.0 6.803762899520133e-11 134070.38392944654 0.0 0.0 0.0 0.1 0.2 0.5 0.05 0.0 0.1 0.05
1320000000.0 5.777825367729463e-11 128702.40522767676 0.0 0.0 0.0 0.1 0.2 0.5 0.05 0.0 0.1 0.05
1360000000.0 4.906580876839974e-11 123549.30332602051 0.0 0.0 0.0 0.1 0.2 0.5 0.05 0.0 0.1 0.05
1400000000.0 4.166706232958488e-11 118602.48290446673 0.0 0.0 0.0 0.1 0.2 0.5 0.05 0.0 0.1 0.05
1440000000.0 3.5383942928019725e-11 113853.69161555647 0.0 0.0 0.0 0.1 0.2 0.5 0.05 0.0 0.1 0.05
1480000000.0 3.004824004491391e-11 109295.00653349872 0.0 0.0 0.0 0.1 0.2 0.5 0.05 0.0 0.1 0.05
1520000000.0 2.5517103026349235e-11 104918.82111487971 0.0 0.0 0.0 0.1 0.2 0.5 0.05 0.0 0.1 0.05
1560000000.0 2.166921831486314e-11 100717.83265633792 0.0 0.0 0.0 0.1 0.2 0.5 0.05 0.0 0.1 0.05
1600000000.0 1.8401562794649857e-11 96685.03023395715 0.0 0.0 0.0 0.1 0.2 0.499 0.05 0.0 0.1 0.05
1640000000.0 1.562664646029771e-11 92813.68310878087 0.0 0.0 0.0 0.1 0.2 0.499 0.05 0.0 0.101 0.051
1680000000.0 1.3270170684919445e-11 89097.32958277727 0.0 0.0 0.0 0.1 0.199 0.498 0.05 0.0 0.101 0.051
1720000000.0 1.1269039464847226e-11 85529.76628955443 0.0 0.0 0.0 0.099 0.199 0.497 0.05 0.0 0.102 0.052
1760000000.0 9.569670449404803e-12 82105.037904417 0.0 0.0 0.0 0.099 0.198 0.496 0.05 0.0 0.103 0.053
1800000000.0 8.126560576494004e-12 78817.42725848977 0.0 0.0 0.0 0.099 0.198 0.494 0.049 0.001 0.104 0.054
1840000000.0 6.9010679408984794e-12 75661.44584205977 0.0 0.0 0.0 0.099 0.197 0.493 0.049 0.001 0.106 0.056
1880000000.0 5.8603773037797406e-12 72631.82468257673 0.0 0.0 0.0 0.098 0.196 0.491 0.049 0.001 0.107 0.057
1920000000.0 4.9766215626930186e-12 69723.50558320935 0.0 0.0 0.0 0.098 0.196 0.489 0.049 0.001 0.109 0.059
1960000000.0 4.226135672824843e-12 66931.63270822426 0.0 0.0 0.0 0.097 0.195 0.487 0.049 0.001 0.11 0.06
2000000000.0 3.5888230530543186e-12 64251.544501915414 0.0 0.0 0.0 0.097 0.194 0.485 0.048 0.002 0.112 0.062
2040000000.0 3.047617519708813e-12 61678.7659282108 0.0 0.0 0.0 0.096 0.193 0.482 0.048 0.002 0.114 0.064
2080000000.0 2.588026346718505e-12 59209.001018557865 0.0 0.0 0.0 0.096 0.192 0.48 0.048 0.002 0.116 0.066
2120000000.0 2.1977422215625875e-12 56838.125716090326 0.0 0.0 0.0 0.096 0.191 0.478 0.048 0.002 0.117 0.067
2160000000.0 1.866313710068581e-12 54562.18100449834 0.0 0.0 0.0 0.095 0.191 0.477 0.048 0.002 0.119 0.069
2200000000.0 1.5848654088356623e-12 52377.3663104726 0.0 0.0 0.0 0.095 0.19 0.475 0.048 0.002 0.12 0.07
2240000000.0 1.3458602938921342e-12 50280.03316894755 0.0 0.0 0.0 0.095 0.189 0.473 0.047 0.003 0.122 0.072
2280000000.0 1.1428979035278218e-12 48266.67914088042 0.0 0.0 0.0 0.094 0.189 0.471 0.047 0.003 0.123 0.073
2320000000.0 9.705429523877694e-13 46333.94197348901 0.0 0.0 0.0 0.094 0.188 0.47 0.047 0.003 0.124 0.074
2360000000.0 8.241797884590744e-13 44478.59399350575 0.0 0.0 0.0 0.094 0.187 0.469 0.047 0.003 0.125 0.075
2400000000.0 6.998887963671796e-13 42697.53672410699 0.0 0.0 0.0 0.094 0.187 0.468 0.047 0.003 0.126 0.076
2440000000.0 5.943414378645702e-13 40987.79571674926 0.0 0.0 0.0 0.093 0.187 0.467 0.047 0.003 0.127 0.077
2480000000.0 5.0471111932757e-13 39346.51558939946 0.0 0.0 0.0 0.093 0.186 0.466 0.047 0.003 0.127 0.077
2520000000.0 4.28597499781519e-13 37770.95526278877 0.0 0.0 0.0 0.093 0.186 0.465 0.046 0.004 0.128 0.078
2560000000.0 3.6396221278931355e-13 36258.48338718055 0.0 0.0 0.0 0.093 0.186 0.464 0.046 0.004 0.129 0.079
2600000000.0 3.0907428113523365e-13 34806.57395162905 0.0 0.0 0.0 0.093 0.185 0.464 0.046 0.004 0.129 0.079
2640000000.0 2.6246376272082065e-13 33412.80206886678 0.0 0.0 0.0 0.093 0.185 0.463 0.046 0.004 0.13 0.08
2680000000.0 2.228823864871275e-13 32074.839928636753 0.0 0.0 0.0 0.093 0.185 0.463 0.046 0.004 0.13 0.08
2720000000.0 1.892701243205681e-13 30790.452912677443 0.0 0.0 0.0 0.092 0.185 0.462 0.046 0.004 0.13 0.08
2760000000.0 1.607268038395666e-13 29557.495865178626 0.0 0.0 0.0 0.092 0.185 0.462 0.046 0.004 0.13 0.08
2800000000.0 1.3648800192317545e-13 28373.909512290596 0.0 0.0 0.0 0.092 0.185 0.462 0.046 0.004 0.131 0.081
2840000000.0 1.159045734728949e-13 27237.717024803947 0.0 0.0 0.0 0.092 0.185 0.461 0.046 0.004 0.131 0.081
2880000000.0 9.842526722715433e-14 26147.02071827102 0.0 0.0 0.0 0.092 0.184 0.461 0.046 0.004 0.131 0.081
2920000000.0 8.358196311062358e-14 25099.99888522291 0.0 0.0 0.0 0.092 0.184 0.461 0.046 0.004 0.131 0.081
2960000000.0 7.097713580277441e-14 24094.902754058836 0.0 0.0 0.0 0.092 0.184 0.461 0.046 0.004 0.131 0.081
3000000000.0 6.027320880988533e-14 23130.053569366566 0.0 0.0 0.0 0.092 0.184 0.461 0.046 0.004 0.132 0.082
3040000000.0 5.1183513963825087e-14 22203.839789485708 0.0 0.0 0.0 0.092 0.184 0.46 0.046 0.004 0.132 0.082
3080000000.0 4.3464614240375234e-14 21314.714395808187 0.0 0.0 0.0 0.092 0.184 0.46 0.046 0.004 0.132 0.082
3120000000.0 3.6909784319075075e-14 20461.192309819242 0.0 0.0 0.0 0.092 0.184 0.46 0.046 0.004 0.132 0.082
3160000000.0 3.1343474290920865e-14 19641.847913712663 0.0 0.0 0.0 0.092 0.184 0.46 0.046 0.004 0.132 0.082
3200000000.0 2.6616608253438983e-14 18855.31266980591 0.0 0.0 0.0 0.092 0.184 0.46 0.046 0.004 0.132 0.082
3240000000.0 2.2602591898857906e-14 18100.27283581443 0.0 0.0 0.0 0.092 0.184 0.46 0.046 0.004 0.132 0.082
3280000000.0 1.9193922167333707e-14 17375.46727078552 0.0 0.0 0.0 0.092 0.184 0.46 0.046 0.004 0.132 0.082
3320000000.0 1.629930818244773e-14 16679.685329564232 0.0 0.0 0.0 0.092 0.184 0.46 0.046 0.004 0.132 0.082
3360000000.0 1.3841226359537162e-14 16011.764841018052 0.0 0.0 0.0 0.092 0.184 0.46 0.046 0.004 0.132 0.082
3400000000.0 1.1753844215944032e-14 15370.59016762531 0.0 0.0 0.0 0.092 0.184 0.46 0.046 0.004 0.132 0.082
3440000000.0 9.981257280662458e-15 14755.09034216545 0.0 0.0 0.0 0.092 0.184 0.46 0.046 0.004 0.132 0.082
3480000000.0 8.47599188708755e-15 14164.237279472401 0.0 0.0 0.0 0.092 0.184 0.46 0.046 0.004 0.132 0.082
3520000000.0 7.197733752682878e-15 13597.04405955675 0.0 0.0 0.0 0.092 0.184 0.46 0.046 0.004 0.132 0.082
3560000000.0 6.11224829478821e-15 13052.563279783099 0.0 0.0 0.0 0.092 0.184 0.46 0.046 0.004 0.132 0.082
3600000000.0 5.190463771715627e-15 12529.885471937827 0.0 0.0 0.0 0.092 0.184 0.46 0.046 0.004 0.132 0.082
3640000000.0 4.407692688150458e-15 12028.137584359254 0.0 0.0 0.0 0.092 0.184 0.46 0.046 0.004 0.132 0.082
3680000000.0 3.742970620536382e-15 11546.481523056802 0.0 0.0 0.0 0.092 0.184 0.46 0.046 0.004 0.132 0.082
3720000000.0 3.1784947503145007e-15 11084.112752914747 0.0 0.0 0.0 0.092 0.184 0.46 0.046 0.004 0.132 0.082
3760000000.0 2.6991470697264588e-15 10640.258953297614 0.0 0.0 0.0 0.092 0.184 0.46 0.046 0.004 0.132 0.082
3800000000.0 2.2920894919944165e-15 10214.178728482248 0.0 0.0 0.0 0.092 0.184 0.46 0.046 0.004 0.132 0.082
3840000000.0 1.946420022678569e-15 9805.16036990323 0.0 0.0 0.0 0.092 0.184 0.46 0.046 0.004 0.132 0.082
3880000000.0 1.6528807799637278e-15 9412.520666890307 0.0 0.0 0.0 0.092 0.184 0.46 0.046 0.004 0.132 0.082
3920000000.0 1.4036100510933722e-15 9035.603765573398 0.0 0.0 0.0 0.092 0.184 0.46 0.046 0.004 0.132 0.082
3960000000.0 1.1919317373096825e-15 8673.780074029255 0.0 0.0 0.0 0.092 0.184 0.46 0.046 0.004 0.132 0.082
4000000000.0 1.0121765543914593e-15 8326.445211044393 0.0 0.0 0.0 0.092 0.184 0.46 0.046 0.004 0.132 0.082
